Arguments: 
  C:\Program Files\nodejs\node.exe C:\Program Files (x86)\Yarn\bin\yarn.js add express

PATH: 
  C:\Program Files\Git\mingw64\bin;C:\Program Files\Git\usr\bin;C:\Users\dell\bin;C:\Program Files\Common Files\Oracle\Java\javapath;C:\Program Files (x86)\Common Files\Intel\Shared Libraries\redist\intel64\compiler;C:\Python27;C:\Python27\Scripts;C:\WINDOWS\system32;C:\WINDOWS;C:\WINDOWS\System32\Wbem;C:\WINDOWS\System32\WindowsPowerShell\v1.0;C:\WINDOWS\System32\OpenSSH;C:\xampp\xaamp\php;C:\composer;C:\Program Files\Microsoft SQL Server\Client SDK\ODBC\130\Tools\Binn;C:\Program Files\Git\cmd;C:\ProgramData\chocolatey\bin;C:\xampp\php;C:\Users\dell\AppData\Roaming\Composer\vendor\bin;C:\Program Files\Microsoft SQL Server\130\Tools\Binn;C:\Program Files\nodejs;E:\xampp\htdocs\php;C:\ProgramData\ComposerSetup\bin;C:\Program Files (x86)\Yarn\bin;C:\flutter\flutter\bin;D:\Microsoft VS Code\bin;C:\Users\dell\AppData\Local\Yarn\bin

Yarn version: 
  1.22.5

Node version: 
  12.16.1

Platform: 
  win32 x64

Trace: 
  Error: getaddrinfo EAI_AGAIN registry.yarnpkg.com
      at GetAddrInfoReqWrap.onlookup [as oncomplete] (dns.js:64:26)

npm manifest: 
  {
    "name": "videochat",
    "version": "1.0.0",
    "main": "index.js",
    "license": "MIT"
  }

yarn manifest: 
  No manifest

Lockfile: 
  # THIS IS AN AUTOGENERATED FILE. DO NOT EDIT THIS FILE DIRECTLY.
  # yarn lockfile v1
